<?xml version="1.0" encoding="UTF-8"?>
<!-- Generated by org.testng.reporters.JUnitReportReporter -->
<testsuite name="xing.brokenworldserver.UtilsTest" tests="2" time="2.436" ignored="0" failures="0" timestamp="17 wrz 2017 12:06:44 GMT" skipped="0" hostname="5CG6455WQ2" errors="0">
  <testcase name="getFactoryTest" time="2.327" classname="xing.brokenworldserver.UtilsTest"/>
  <testcase name="getSessionTest" time="0.109" classname="xing.brokenworldserver.UtilsTest"/>
</testsuite> <!-- xing.brokenworldserver.UtilsTest -->
