<?xml version="1.0" encoding="UTF-8"?>
<!-- Generated by org.testng.reporters.JUnitReportReporter -->
<testsuite name="xing.brokenworldserver.DatabaseTest" tests="1" time="5.180" ignored="0" failures="0" timestamp="17 wrz 2017 12:06:44 GMT" skipped="0" hostname="5CG6455WQ2" errors="0">
  <testcase name="fisrtTest" time="5.180" classname="xing.brokenworldserver.DatabaseTest"/>
</testsuite> <!-- xing.brokenworldserver.DatabaseTest -->
