<?xml version="1.0" encoding="UTF-8"?>
<!-- Generated by org.testng.reporters.JUnitReportReporter -->
<testsuite name="xing.brokenworldserver.UtilsTest" tests="2" time="2.075" ignored="0" failures="0" timestamp="16 wrz 2017 13:41:51 GMT" skipped="0" hostname="5CG6455WQ2" errors="0">
  <testcase name="getFactoryTest" time="1.974" classname="xing.brokenworldserver.UtilsTest"/>
  <testcase name="getSessionTest" time="0.101" classname="xing.brokenworldserver.UtilsTest"/>
</testsuite> <!-- xing.brokenworldserver.UtilsTest -->
