<?xml version="1.0" encoding="UTF-8"?>
<!-- Generated by org.testng.reporters.JUnitReportReporter -->
<testsuite name="xing.brokenworldserver.SimpleModelTest" tests="2" time="0.014" ignored="0" failures="0" timestamp="16 wrz 2017 13:41:51 GMT" skipped="0" hostname="5CG6455WQ2" errors="0">
  <testcase name="firstTest" time="0.013" classname="xing.brokenworldserver.SimpleModelTest"/>
  <testcase name="secondTest" time="0.001" classname="xing.brokenworldserver.SimpleModelTest"/>
</testsuite> <!-- xing.brokenworldserver.SimpleModelTest -->
